<?xml version="1.0" encoding="UTF-8"?>
<!-- Generated by org.testng.reporters.JUnitXMLReporter -->
<testsuite ignored="0" hostname="DESKTOP-MUC01SU" failures="0" tests="12" name="ChromeTest" time="12.502" errors="0" timestamp="2021-06-14T16:01:25 EDT">
  <testcase classname="CrossBrowserScript" name="ClickCreateAccount" time="0.059"/>
  <testcase classname="CrossBrowserScript" name="SetFirstName" time="0.239"/>
  <testcase classname="CrossBrowserScript" name="SetLastName" time="0.071"/>
  <testcase classname="CrossBrowserScript" name="setEmail" time="0.079"/>
  <testcase classname="CrossBrowserScript" name="setConfirmedEmail" time="0.074"/>
  <testcase classname="CrossBrowserScript" name="setPassword" time="0.082"/>
  <testcase classname="CrossBrowserScript" name="SetDOBMonth" time="0.111"/>
  <testcase classname="CrossBrowserScript" name="SetDOBDate" time="0.106"/>
  <testcase classname="CrossBrowserScript" name="SetDOBYear" time="0.068"/>
  <testcase classname="CrossBrowserScript" name="setGender" time="0.048"/>
  <testcase classname="CrossBrowserScript" name="ClickSignUp" time="0.049"/>
  <testcase classname="CrossBrowserScript" name="VerifyInvalidSignUp" time="5.035"/>
</testsuite> <!-- ChromeTest -->
