<?xml version="1.0" encoding="UTF-8"?>
<!-- Generated by org.testng.reporters.JUnitXMLReporter -->
<testsuite ignored="0" hostname="DESKTOP-MUC01SU" failures="0" tests="12" name="FirefoxTest" time="11.171" errors="0" timestamp="2021-06-14T16:01:24 EDT">
  <testcase classname="CrossBrowserScript" name="ClickCreateAccount" time="0.25"/>
  <testcase classname="CrossBrowserScript" name="SetFirstName" time="0.02"/>
  <testcase classname="CrossBrowserScript" name="SetLastName" time="0.016"/>
  <testcase classname="CrossBrowserScript" name="setEmail" time="0.024"/>
  <testcase classname="CrossBrowserScript" name="setConfirmedEmail" time="0.026"/>
  <testcase classname="CrossBrowserScript" name="setPassword" time="0.02"/>
  <testcase classname="CrossBrowserScript" name="SetDOBMonth" time="0.232"/>
  <testcase classname="CrossBrowserScript" name="SetDOBDate" time="0.246"/>
  <testcase classname="CrossBrowserScript" name="SetDOBYear" time="0.225"/>
  <testcase classname="CrossBrowserScript" name="setGender" time="0.228"/>
  <testcase classname="CrossBrowserScript" name="ClickSignUp" time="0.227"/>
  <testcase classname="CrossBrowserScript" name="VerifyInvalidSignUp" time="5.022"/>
</testsuite> <!-- FirefoxTest -->
