<?xml version="1.0" encoding="UTF-8"?>
<!-- Generated by org.testng.reporters.JUnitXMLReporter -->
<testsuite ignored="9" hostname="DESKTOP-MUC01SU" failures="0" tests="16" name="Test" time="9.945" errors="0" timestamp="2021-06-14T16:43:58 EDT">
  <testcase classname="homeWorkTestNG" name="SetHomeValue" time="0.061"/>
  <testcase classname="homeWorkTestNG" name="SetDownPayment" time="0.047"/>
  <testcase classname="homeWorkTestNG" name="SetLoanAmount" time="0.042"/>
  <testcase classname="homeWorkTestNG" name="SetInterestRate" time="0.048"/>
  <testcase classname="homeWorkTestNG" name="SetLoanTerm" time="0.055"/>
  <testcase classname="homeWorkTestNG" name="SetStartDate" time="0.084"/>
  <testcase classname="homeWorkTestNG" name="SetPropertyTax" time="0.048"/>
  <testcase classname="homeWorkTestNG" name="SetPMI" time="0.046"/>
  <testcase classname="homeWorkTestNG" name="SetHomeIns" time="0.05"/>
  <testcase classname="homeWorkTestNG" name="SetMonthlyHOA" time="0.043"/>
  <testcase classname="homeWorkTestNG" name="SetLoanType" time="0.058"/>
  <testcase classname="homeWorkTestNG" name="SetBuyOrRefi" time="0.052"/>
  <testcase classname="homeWorkTestNG" name="ClickCalculate" time="0.387"/>
  <testcase classname="FacebookTestNG" name="ClickCreatAccout" time="0.046"/>
  <testcase classname="FacebookTestNG" name="SetFirstName" time="0.206"/>
  <testcase classname="FacebookTestNG" name="SetLastName" time="0.055"/>
  <testcase classname="FacebookTestNG" name="SetDOBYear" time="0.0">
    <ignored/>
  </testcase> <!-- SetDOBYear -->
  <testcase classname="FacebookTestNG" name="VerifyInvalidSignUp" time="0.0">
    <ignored/>
  </testcase> <!-- VerifyInvalidSignUp -->
  <testcase classname="FacebookTestNG" name="setGender" time="0.0">
    <ignored/>
  </testcase> <!-- setGender -->
  <testcase classname="FacebookTestNG" name="setConfirmEmail" time="0.0">
    <ignored/>
  </testcase> <!-- setConfirmEmail -->
  <testcase classname="FacebookTestNG" name="ClickSignUp" time="0.0">
    <ignored/>
  </testcase> <!-- ClickSignUp -->
  <testcase classname="FacebookTestNG" name="SetDOBDate" time="0.0">
    <ignored/>
  </testcase> <!-- SetDOBDate -->
  <testcase classname="FacebookTestNG" name="setPassword" time="0.0">
    <ignored/>
  </testcase> <!-- setPassword -->
  <testcase classname="FacebookTestNG" name="SetDOBMonth" time="0.0">
    <ignored/>
  </testcase> <!-- SetDOBMonth -->
  <testcase classname="FacebookTestNG" name="setEmail" time="0.0">
    <ignored/>
  </testcase> <!-- setEmail -->
</testsuite> <!-- Test -->
